Watching for file changes with StatReloader
"GET /admin/ HTTP/1.1" 200 4976
"GET /static/admin/css/base.css HTTP/1.1" 200 16307
"GET /static/admin/css/nav_sidebar.css HTTP/1.1" 200 2138
"GET /static/admin/css/dashboard.css HTTP/1.1" 200 380
"GET /static/admin/css/fonts.css HTTP/1.1" 200 423
"GET /static/admin/js/nav_sidebar.js HTTP/1.1" 200 1360
"GET /static/admin/css/responsive.css HTTP/1.1" 200 18344
"GET /static/admin/img/icon-changelink.svg HTTP/1.1" 200 380
"GET /static/admin/img/icon-addlink.svg HTTP/1.1" 200 331
"GET /static/admin/fonts/Roboto-Light-webfont.woff HTTP/1.1" 200 85692
"GET /static/admin/fonts/Roboto-Regular-webfont.woff HTTP/1.1" 200 85876
"GET /static/admin/fonts/Roboto-Bold-webfont.woff HTTP/1.1" 200 86184
"GET /admin/Lounge/airpotloungemodel/ HTTP/1.1" 200 6692
"GET /static/admin/css/changelists.css HTTP/1.1" 200 6302
"GET /static/admin/js/jquery.init.js HTTP/1.1" 200 347
"GET /static/admin/js/core.js HTTP/1.1" 200 5418
"GET /static/admin/js/admin/RelatedObjectLookups.js HTTP/1.1" 200 6078
"GET /static/admin/js/actions.min.js HTTP/1.1" 200 3237
"GET /static/admin/js/vendor/jquery/jquery.min.js HTTP/1.1" 200 89476
"GET /admin/jsi18n/ HTTP/1.1" 200 3187
"GET /static/admin/js/prepopulate.min.js HTTP/1.1" 200 388
"GET /static/admin/js/urlify.js HTTP/1.1" 200 8632
"GET /static/admin/js/vendor/xregexp/xregexp.min.js HTTP/1.1" 200 125266
"GET /static/admin/img/tooltag-add.svg HTTP/1.1" 200 331
"GET /admin/logout/ HTTP/1.1" 200 1509
Unauthorized: /api/v1/longe-list/delhi/
"GET /api/v1/longe-list/delhi/ HTTP/1.1" 401 183
Not Found: /admin
"GET /admin HTTP/1.1" 404 179
"POST /api/token/ HTTP/1.1" 200 438
Unauthorized: /api/v1/longe-list/delhi/
"GET /api/v1/longe-list/delhi/ HTTP/1.1" 401 183
Unauthorized: /api/v1/longe-list/delhi/
"GET /api/v1/longe-list/delhi/ HTTP/1.1" 401 183
"POST /api/token/ HTTP/1.1" 200 438
"POST /api/token/refresh/ HTTP/1.1" 200 218
"POST /api/token/ HTTP/1.1" 200 438
Unauthorized: /api/v1/longe-list/delhi/
"GET /api/v1/longe-list/delhi/ HTTP/1.1" 401 183
"POST /api/token/ HTTP/1.1" 200 438
"POST /api/token/ HTTP/1.1" 200 438
Unauthorized: /api/v1/longe-list/delhi/
"GET /api/v1/longe-list/delhi/ HTTP/1.1" 401 183
Unauthorized: /api/v1/longe-list/delhi/
"GET /api/v1/longe-list/delhi/ HTTP/1.1" 401 58
Unauthorized: /api/v1/longe-list/delhi/
"GET /api/v1/longe-list/delhi/ HTTP/1.1" 401 58
Unauthorized: /api/v1/longe-list/delhi/
"GET /api/v1/longe-list/delhi/ HTTP/1.1" 401 58
Unauthorized: /api/v1/longe-list/delhi/
"GET /api/v1/longe-list/delhi/ HTTP/1.1" 401 183
Unauthorized: /api/v1/longe-list/delhi/
"GET /api/v1/longe-list/delhi/ HTTP/1.1" 401 58
"POST /api/token/ HTTP/1.1" 200 438
Unauthorized: /api/v1/longe-list/delhi/
"GET /api/v1/longe-list/delhi/ HTTP/1.1" 401 58
Unauthorized: /api/v1/longe-list/delhi/
"GET /api/v1/longe-list/delhi/ HTTP/1.1" 401 58
Unauthorized: /api/v1/longe-list/delhi/
"GET /api/v1/longe-list/delhi/ HTTP/1.1" 401 58
Unauthorized: /api/v1/longe-list/delhi/
"GET /api/v1/longe-list/delhi/ HTTP/1.1" 401 183
"POST /api/token/ HTTP/1.1" 200 438
"GET /api/v1/longe-list/delhi/ HTTP/1.1" 200 336
"GET /api/v1/longe-list/delhi/ HTTP/1.1" 200 336
Watching for file changes with StatReloader
Unauthorized: /api/v1/longe-list/delhi/
"GET /api/v1/longe-list/delhi/ HTTP/1.1" 401 183
"POST /api/token/ HTTP/1.1" 200 438
Watching for file changes with StatReloader
"POST /api/token/ HTTP/1.1" 200 438
"POST /api/token/ HTTP/1.1" 200 438
Unauthorized: /api/v1/longe-list/delhi/
"GET /api/v1/longe-list/delhi/ HTTP/1.1" 401 58
"POST /api/token/ HTTP/1.1" 200 438
"POST /api/token/ HTTP/1.1" 200 438
"POST /api/token/ HTTP/1.1" 200 438
Bad Request: /api/token/
"POST /api/token/ HTTP/1.1" 400 45
Unauthorized: /api/token/
"POST /api/token/ HTTP/1.1" 401 63
"POST /api/token/ HTTP/1.1" 200 438
"POST /api/token/ HTTP/1.1" 200 438
"POST /api/token/ HTTP/1.1" 200 438
"POST /api/token/ HTTP/1.1" 200 438
Unauthorized: /api/v1/longe-list/delhi/
"GET /api/v1/longe-list/delhi/ HTTP/1.1" 401 58
Unauthorized: /api/v1/longe-list/delhi/
"GET /api/v1/longe-list/delhi/ HTTP/1.1" 401 58
Unauthorized: /api/v1/longe-list/delhi/
"GET /api/v1/longe-list/delhi/ HTTP/1.1" 401 183
"POST /api/token/ HTTP/1.1" 200 438
Unauthorized: /api/v1/longe-list/delhi/
"GET /api/v1/longe-list/delhi/ HTTP/1.1" 401 183
Unauthorized: /api/v1/longe-list/delhi/
"GET /api/v1/longe-list/delhi/ HTTP/1.1" 401 183
Unauthorized: /api/v1/longe-list/delhi/
"GET /api/v1/longe-list/delhi/ HTTP/1.1" 401 183
Unauthorized: /api/v1/longe-list/delhi/
"GET /api/v1/longe-list/delhi/ HTTP/1.1" 401 183
Unauthorized: /api/v1/longe-list/delhi/
"GET /api/v1/longe-list/delhi/ HTTP/1.1" 401 183
"POST /api/token/ HTTP/1.1" 200 438
Unauthorized: /api/v1/longe-list/delhi/
"GET /api/v1/longe-list/delhi/ HTTP/1.1" 401 183
"POST /api/token/refresh/ HTTP/1.1" 200 218
Unauthorized: /api/v1/longe-list/delhi/
"GET /api/v1/longe-list/delhi/ HTTP/1.1" 401 183
Unauthorized: /api/v1/longe-list/delhi/
"GET /api/v1/longe-list/delhi/ HTTP/1.1" 401 107
"POST /api/token/ HTTP/1.1" 200 438
Unauthorized: /api/v1/longe-list/delhi/
"GET /api/v1/longe-list/delhi/ HTTP/1.1" 401 107
Unauthorized: /api/v1/longe-list/delhi/
"GET /api/v1/longe-list/delhi/ HTTP/1.1" 401 107
"POST /api/token/ HTTP/1.1" 200 438
Unauthorized: /api/v1/longe-list/delhi/
"GET /api/v1/longe-list/delhi/ HTTP/1.1" 401 107
Watching for file changes with StatReloader
"POST /api/token/ HTTP/1.1" 200 438
Unauthorized: /api/v1/longe-list/delhi/
"GET /api/v1/longe-list/delhi/ HTTP/1.1" 401 107
Unauthorized: /api/v1/longe-list/delhi/
"GET /api/v1/longe-list/delhi/ HTTP/1.1" 401 107
Unauthorized: /api/v1/longe-list/delhi/
"GET /api/v1/longe-list/delhi/ HTTP/1.1" 401 107
Unauthorized: /api/v1/longe-list/delhi/
"GET /api/v1/longe-list/delhi/ HTTP/1.1" 401 107
Unauthorized: /api/v1/longe-list/delhi/
"GET /api/v1/longe-list/delhi/ HTTP/1.1" 401 107
Unauthorized: /api/v1/longe-list/delhi/
"GET /api/v1/longe-list/delhi/ HTTP/1.1" 401 107
"GET /api/v1/longe-list/delhi/ HTTP/1.1" 200 336
"POST /api/v1/longe-list/add-airport/ HTTP/1.1" 201 92
"GET /api/v1/longe-list/delhi/ HTTP/1.1" 200 447
"DELETE /api/v1/longe-list/delete/42 HTTP/1.1" 204 0
"GET /api/v1/longe-list/delhi/ HTTP/1.1" 200 336
Unauthorized: /api/v1/longe-list/delhi/
"GET /api/v1/longe-list/delhi/ HTTP/1.1" 401 183
"POST /api/token/refresh/ HTTP/1.1" 200 218
"GET /api/v1/longe-list/delhi/ HTTP/1.1" 200 336
Method Not Allowed: /api/v1/longe-list/delhi/
"POST /api/v1/longe-list/delhi/ HTTP/1.1" 405 41
"GET /api/v1/longe-list/delhi/ HTTP/1.1" 200 336
Method Not Allowed: /api/v1/longe-list/delete-all/
"GET /api/v1/longe-list/delete-all/ HTTP/1.1" 405 40
"DELETE /api/v1/longe-list/delete-all/ HTTP/1.1" 200 34
"GET /api/v1/longe-list/delhi/ HTTP/1.1" 200 2
"POST /api/v1/longe-list/add-airport/ HTTP/1.1" 201 92
"PUT /api/v1/longe-list/update/3 HTTP/1.1" 201 35
"GET /api/v1/longe-list/delhi/ HTTP/1.1" 200 112
"PUT /api/v1/longe-list/update/3 HTTP/1.1" 201 35
"PUT /api/v1/longe-list/update/43 HTTP/1.1" 200 138
"GET /api/v1/longe-list/delhi/ HTTP/1.1" 200 112
Unauthorized: /api/v1/longe-list/delhi/
"GET /api/v1/longe-list/delhi/ HTTP/1.1" 401 183
"POST /api/token/ HTTP/1.1" 200 438
"POST /api/token/ HTTP/1.1" 200 438
"GET /api/v1/longe-list/delhi/ HTTP/1.1" 200 112
"PUT /api/v1/longe-list/update/43 HTTP/1.1" 200 138
"GET /api/v1/longe-list/delhi/ HTTP/1.1" 200 112
Watching for file changes with StatReloader
"POST /api/token/ HTTP/1.1" 200 438
"POST /api/token/ HTTP/1.1" 200 438
"GET /api/v1/longe-list/delhi/ HTTP/1.1" 200 112
"POST /api/token/ HTTP/1.1" 200 438
"GET /api/v1/longe-list/delhi/ HTTP/1.1" 200 112
"PUT /api/v1/longe-list/update/43 HTTP/1.1" 200 150
"GET /api/v1/longe-list/delhi/ HTTP/1.1" 200 124
"POST /api/v1/longe-list/add-airport/ HTTP/1.1" 201 101
"GET /api/v1/longe-list/delhi/ HTTP/1.1" 200 244
"GET /api/v1/longe-list/delhi/ HTTP/1.1" 200 244
